# JRE version: Java(TM) SE Runtime Environment (17.0.3.1+2) (build 17.0.3.1+2-LTS-6)
# Java VM: Java HotSpot(TM) 64-Bit Server VM (17.0.3.1+2-LTS-6, mixed mode, sharing, tiered, compressed oops, compressed class ptrs, g1 gc, windows-amd64)
GC Precious Log:
 CPUs: 4 total, 4 available
 Memory: 4001M
 Large Page Support: Disabled
 NUMA Support: Disabled
 Compressed Oops: Enabled (32-bit)
 Heap Region Size: 1M
 Heap Min Capacity: 8M
 Heap Initial Capacity: 64M
 Heap Max Capacity: 1002M
 Pre-touch: Disabled
 Parallel Workers: 4
 Concurrent Workers: 1
 Concurrent Refinement Workers: 4
 Periodic GC: Disabled
Heap:
 garbage-first heap   total 55296K, used 36567K [0x00000000c1600000, 0x0000000100000000)
  region size 1024K, 24 young (24576K), 4 survivors (4096K)
 Metaspace       used 29563K, committed 29824K, reserved 1081344K
  class space    used 3739K, committed 3840K, reserved 1048576K
GC Heap History (14 events):
Event: 1.683 GC heap before
{Heap before GC invocations=0 (full 0):
 garbage-first heap   total 65536K, used 14336K [0x00000000c1600000, 0x0000000100000000)
  region size 1024K, 13 young (13312K), 0 survivors (0K)
 Metaspace       used 2591K, committed 2752K, reserved 1056768K
  class space    used 249K, committed 320K, reserved 1048576K
}
Event: 1.692 GC heap after
{Heap after GC invocations=1 (full 0):
 garbage-first heap   total 65536K, used 7583K [0x00000000c1600000, 0x0000000100000000)
  region size 1024K, 2 young (2048K), 2 survivors (2048K)
 Metaspace       used 2591K, committed 2752K, reserved 1056768K
  class space    used 249K, committed 320K, reserved 1048576K
}
Event: 2.060 GC heap before
{Heap before GC invocations=1 (full 0):
 garbage-first heap   total 65536K, used 16799K [0x00000000c1600000, 0x0000000100000000)
  region size 1024K, 11 young (11264K), 2 survivors (2048K)
 Metaspace       used 4454K, committed 4672K, reserved 1056768K
  class space    used 481K, committed 576K, reserved 1048576K
}
Event: 2.064 GC heap after
{Heap after GC invocations=2 (full 0):
 garbage-first heap   total 65536K, used 7789K [0x00000000c1600000, 0x0000000100000000)
  region size 1024K, 1 young (1024K), 1 survivors (1024K)
 Metaspace       used 4454K, committed 4672K, reserved 1056768K
  class space    used 481K, committed 576K, reserved 1048576K
}
Event: 16.104 GC heap before
{Heap before GC invocations=2 (full 0):
 garbage-first heap   total 65536K, used 27245K [0x00000000c1600000, 0x0000000100000000)
  region size 1024K, 20 young (20480K), 1 survivors (1024K)
 Metaspace       used 9261K, committed 9472K, reserved 1064960K
  class space    used 1153K, committed 1280K, reserved 1048576K
}
Event: 16.113 GC heap after
{Heap after GC invocations=3 (full 0):
 garbage-first heap   total 65536K, used 9311K [0x00000000c1600000, 0x0000000100000000)
  region size 1024K, 2 young (2048K), 2 survivors (2048K)
 Metaspace       used 9261K, committed 9472K, reserved 1064960K
  class space    used 1153K, committed 1280K, reserved 1048576K
}
Event: 26.825 GC heap before
{Heap before GC invocations=3 (full 0):
 garbage-first heap   total 65536K, used 40031K [0x00000000c1600000, 0x0000000100000000)
  region size 1024K, 32 young (32768K), 2 survivors (2048K)
 Metaspace       used 15736K, committed 16000K, reserved 1064960K
  class space    used 1909K, committed 2048K, reserved 1048576K
}
Event: 26.838 GC heap after
{Heap after GC invocations=4 (full 0):
 garbage-first heap   total 65536K, used 10990K [0x00000000c1600000, 0x0000000100000000)
  region size 1024K, 4 young (4096K), 4 survivors (4096K)
 Metaspace       used 15736K, committed 16000K, reserved 1064960K
  class space    used 1909K, committed 2048K, reserved 1048576K
}
Event: 34.113 GC heap before
{Heap before GC invocations=4 (full 0):
 garbage-first heap   total 65536K, used 42734K [0x00000000c1600000, 0x0000000100000000)
  region size 1024K, 36 young (36864K), 4 survivors (4096K)
 Metaspace       used 19229K, committed 19520K, reserved 1073152K
  class space    used 2366K, committed 2496K, reserved 1048576K
}
Event: 34.147 GC heap after
{Heap after GC invocations=5 (full 0):
 garbage-first heap   total 65536K, used 12861K [0x00000000c1600000, 0x0000000100000000)
  region size 1024K, 4 young (4096K), 4 survivors (4096K)
 Metaspace       used 19229K, committed 19520K, reserved 1073152K
  class space    used 2366K, committed 2496K, reserved 1048576K
}
Event: 41.758 GC heap before
{Heap before GC invocations=5 (full 0):
 garbage-first heap   total 65536K, used 27197K [0x00000000c1600000, 0x0000000100000000)
  region size 1024K, 19 young (19456K), 4 survivors (4096K)
 Metaspace       used 21281K, committed 21504K, reserved 1073152K
  class space    used 2650K, committed 2752K, reserved 1048576K
}
Event: 41.766 GC heap after
{Heap after GC invocations=6 (full 0):
 garbage-first heap   total 65536K, used 13976K [0x00000000c1600000, 0x0000000100000000)
  region size 1024K, 4 young (4096K), 4 survivors (4096K)
 Metaspace       used 21281K, committed 21504K, reserved 1073152K
  class space    used 2650K, committed 2752K, reserved 1048576K
}
Event: 87.622 GC heap before
{Heap before GC invocations=7 (full 0):
 garbage-first heap   total 55296K, used 41624K [0x00000000c1600000, 0x0000000100000000)
  region size 1024K, 32 young (32768K), 4 survivors (4096K)
 Metaspace       used 26686K, committed 27008K, reserved 1073152K
  class space    used 3367K, committed 3520K, reserved 1048576K
}
Event: 87.665 GC heap after
{Heap after GC invocations=8 (full 0):
 garbage-first heap   total 55296K, used 17111K [0x00000000c1600000, 0x0000000100000000)
  region size 1024K, 4 young (4096K), 4 survivors (4096K)
 Metaspace       used 26686K, committed 27008K, reserved 1073152K
  class space    used 3367K, committed 3520K, reserved 1048576K
}

